<?xml version="1.0" encoding="UTF-8"?>
<!-- Generated by org.testng.reporters.JUnitReportReporter -->
<testsuite hostname="DESKTOP-PHVSUUV" failures="0" tests="1" name="com.automationexercise.productquantityincart.ProductQuantityInCart" time="3.317" errors="0" timestamp="2024-07-08T18:39:50 IST" skipped="0">
  <testcase classname="com.automationexercise.productquantityincart.ProductQuantityInCart" name="testProductDetailAndCart" time="3.317"/>
  <system-out/>
</testsuite> <!-- com.automationexercise.productquantityincart.ProductQuantityInCart -->
