<?xml version="1.0" encoding="UTF-8"?>
<!-- Generated by org.testng.reporters.JUnitReportReporter -->
<testsuite hostname="DESKTOP-PHVSUUV" failures="0" tests="1" name="com.automationexercise.searchproduct.SearchProduct" time="5.953" errors="0" timestamp="2024-07-04T20:33:46 IST" skipped="0">
  <testcase classname="com.automationexercise.searchproduct.SearchProduct" name="testProductSearch" time="5.953"/>
  <system-out/>
</testsuite> <!-- com.automationexercise.searchproduct.SearchProduct -->
