<?xml version="1.0" encoding="UTF-8"?>
<!-- Generated by org.testng.reporters.JUnitReportReporter -->
<testsuite hostname="DESKTOP-PHVSUUV" failures="0" tests="1" name="com.automationexercise.navigatetovideotutorial.VideoTutorialTest" time="14.409" errors="0" timestamp="2024-07-08T21:20:25 IST" skipped="0">
  <testcase classname="com.automationexercise.navigatetovideotutorial.VideoTutorialTest" name="verifyUserIsNavigatedToVideoTutorial" time="14.409"/>
  <system-out/>
</testsuite> <!-- com.automationexercise.navigatetovideotutorial.VideoTutorialTest -->
