<?xml version="1.0" encoding="UTF-8"?>
<!-- Generated by org.testng.reporters.JUnitReportReporter -->
<testsuite hostname="DESKTOP-PHVSUUV" failures="0" tests="1" name="com.automationexercise.tests.HomePageTest" time="0.096" errors="0" timestamp="2024-07-01T16:58:43 IST" skipped="0">
  <testcase classname="com.automationexercise.tests.HomePageTest" name="testHomePageVisibility" time="0.096"/>
</testsuite> <!-- com.automationexercise.tests.HomePageTest -->
