<?xml version="1.0" encoding="UTF-8"?>
<!-- Generated by org.testng.reporters.JUnitReportReporter -->
<testsuite hostname="DESKTOP-PHVSUUV" failures="0" tests="1" name="com.automationexercise.contactustest.ContactUsTest" time="16.693" errors="0" timestamp="2024-07-02T21:37:18 IST" skipped="0">
  <testcase classname="com.automationexercise.contactustest.ContactUsTest" name="testContactUsForm" time="16.693"/>
  <system-out/>
</testsuite> <!-- com.automationexercise.contactustest.ContactUsTest -->
