<?xml version="1.0" encoding="UTF-8"?>
<!-- Generated by org.testng.reporters.JUnitReportReporter -->
<testsuite hostname="DESKTOP-PHVSUUV" failures="0" tests="1" name="com.automationexercise.logout.LogoutTest" time="7.951" errors="0" timestamp="2024-07-02T00:08:24 IST" skipped="0">
  <testcase classname="com.automationexercise.logout.LogoutTest" name="testLogout" time="7.951"/>
  <system-out/>
</testsuite> <!-- com.automationexercise.logout.LogoutTest -->
