<?xml version="1.0" encoding="UTF-8"?>
<!-- Generated by org.testng.reporters.JUnitReportReporter -->
<testsuite hostname="DESKTOP-PHVSUUV" failures="0" tests="1" name="com.automationexercise.registrationtests.RegistrationTest" time="51.447" errors="0" timestamp="2024-07-01T22:50:27 IST" skipped="0">
  <testcase classname="com.automationexercise.registrationtests.RegistrationTest" name="testUserSignup" time="51.447"/>
</testsuite> <!-- com.automationexercise.registrationtests.RegistrationTest -->
